<?xml version="1.0" encoding="UTF-8"?>
<!-- Generated by org.testng.reporters.JUnitReportReporter -->
<testsuite hostname="ANILESH" failures="0" tests="2" name="com.Google.CI.testcases.TC_001_LoginPage" time="4.451" errors="0" timestamp="2025-07-26T09:35:36 IST" skipped="0">
  <testcase classname="com.Google.CI.testcases.TC_001_LoginPage" name="testLogin" time="2.394"/>
  <testcase classname="com.Google.CI.testcases.TC_001_LoginPage" name="ValidatePage" time="2.057"/>
</testsuite> <!-- com.Google.CI.testcases.TC_001_LoginPage -->
